2018-1-25 / 02:03:01 /  : INFO --- hi, i am the chatbot :) --- 
2018-1-25 / 02:03:01 /  : INFO --- 538534505:AAHy5BujBqmST6aqyAM4aUOg_jgYiULcqqk --- 
2018-1-25 / 02:03:27 /  : INFO --- TEST 481967012 OK --- 
2018-1-25 / 02:03:29 /  : INFO --- TEST CALLBACK 481967012 OK --- 
2018-1-25 / 21:11:29 /  : INFO --- hi, i am the chatbot :) --- 
2018-1-25 / 21:11:29 /  : INFO ---  --- 
2018-1-25 / 21:11:29 /  : ERROR --- EFATAL --- 
2018-1-25 / 21:12:46 /  : INFO --- hi, i am the chatbot :) --- 
2018-1-25 / 21:12:46 /  : INFO --- 538534505:AAHy5BujBqmST6aqyAM4aUOg_jgYiULcqqk --- 
2018-1-25 / 21:12:47 /  : INFO --- GENERAL INFO 481967012 OK --- 
2018-1-25 / 21:12:50 /  : INFO --- GENERAL INFO 481967012 OK --- 
2018-1-25 / 21:12:52 /  : INFO --- GENERAL INFO 481967012 OK --- 
2018-1-25 / 21:12:54 /  : ERROR ---  --- 
2018-1-25 / 21:13:58 /  : INFO --- hi, i am the chatbot :) --- 
2018-1-25 / 21:13:58 /  : INFO --- 538534505:AAHy5BujBqmST6aqyAM4aUOg_jgYiULcqqk --- 
2018-1-25 / 21:19:21 /  : INFO --- hi, i am the chatbot :) --- 
2018-1-25 / 21:19:21 /  : INFO --- 538534505:AAHy5BujBqmST6aqyAM4aUOg_jgYiULcqqk --- 
2018-1-25 / 21:19:54 /  : INFO --- GET NEWS 481967012 OK --- 
2018-1-25 / 21:23:40 /  : INFO --- hi, i am the chatbot :) --- 
2018-1-25 / 21:23:40 /  : INFO --- 538534505:AAHy5BujBqmST6aqyAM4aUOg_jgYiULcqqk --- 
2018-1-25 / 21:24:24 /  : INFO --- hi, i am the chatbot :) --- 
2018-1-25 / 21:24:24 /  : INFO --- 538534505:AAHy5BujBqmST6aqyAM4aUOg_jgYiULcqqk --- 
2018-1-25 / 21:27:10 /  : INFO --- hi, i am the chatbot :) --- 
2018-1-25 / 21:27:10 /  : INFO --- 538534505:AAHy5BujBqmST6aqyAM4aUOg_jgYiULcqqk --- 
2018-1-25 / 21:30:07 /  : INFO --- hi, i am the chatbot :) --- 
2018-1-25 / 21:30:07 /  : INFO --- 538534505:AAHy5BujBqmST6aqyAM4aUOg_jgYiULcqqk --- 
2018-1-25 / 21:39:24 /  : INFO --- STARTED --- 
2018-1-25 / 21:41:49 /  : INFO --- STARTED --- 
2018-1-25 / 21:42:05 /  : INFO --- GET NEWS 481967012 OK --- 
2018-1-25 / 21:44:24 /  : ERROR --- TypeError: Cannot read property 'forEach' of undefined --- 
2018-1-25 / 21:44:26 /  : INFO --- GET NEWS 508550150 OK --- 
2018-1-25 / 21:44:48 /  : INFO --- GET NEWS 481967012 OK --- 
2018-1-25 / 21:45:01 /  : INFO --- STARTED --- 
2018-1-25 / 21:45:09 /  : INFO --- GET NEWS 481967012 OK --- 
2018-1-25 / 21:47:18 /  : INFO --- GET NEWS 481967012 OK --- 
2018-1-25 / 21:48:49 /  : INFO --- TEST 481967012 OK --- 
2018-1-25 / 21:48:52 /  : INFO --- TEST CALLBACK 481967012 OK --- 
2018-1-25 / 21:48:53 /  : INFO --- TEST CALLBACK 481967012 OK --- 
2018-1-25 / 21:49:01 /  : INFO --- TEST CALLBACK 481967012 OK --- 
2018-1-25 / 21:53:15 /  : INFO --- GENERAL INFO 508550150 OK --- 
2018-1-25 / 21:53:16 /  : INFO --- GENERAL INFO 508550150 OK --- 
2018-1-25 / 21:53:16 /  : INFO --- TEST 508550150 OK --- 
2018-1-25 / 21:53:17 /  : INFO --- TEST CALLBACK 508550150 OK --- 
2018-1-25 / 21:53:18 /  : INFO --- GENERAL INFO 508550150 OK --- 
2018-1-25 / 21:53:18 /  : INFO --- GENERAL INFO 508550150 OK --- 
2018-1-25 / 21:53:23 /  : INFO --- GET NEWS 508550150 OK --- 
2018-1-25 / 21:53:24 /  : INFO --- TEST 508550150 OK --- 
2018-1-25 / 21:53:31 /  : INFO --- TEST CALLBACK 508550150 OK --- 
2018-1-25 / 21:53:35 /  : INFO --- UNKNOWN 508550150 OK --- 
2018-1-25 / 21:57:16 /  : INFO --- UNKNOWN 471870834 OK --- 
2018-1-25 / 21:57:21 /  : INFO --- GET NEWS 471870834 OK --- 
2018-1-25 / 21:57:29 /  : INFO --- GENERAL INFO 471870834 OK --- 
2018-1-25 / 21:58:04 /  : INFO --- GET NEWS 471870834 OK --- 
